  extract-lbp.cpp
D:\workspace\vsproject\High-Dimensional-LBP\intraface\include\FaceAlignment.h(74): warning C4251: “INTRAFACE::FaceAlignment::m_DR”: class“std::vector<cv::Mat,std::allocator<_Ty>>”需要有 dll 接口由 class“INTRAFACE::FaceAlignment”的客户端使用
          with
          [
              _Ty=cv::Mat
          ]
  C:\opencv-2.4.13\include\opencv2/core/core.hpp(1362): note: 参见“std::vector<cv::Mat,std::allocator<_Ty>>”的声明
          with
          [
              _Ty=cv::Mat
          ]
D:\workspace\vsproject\High-Dimensional-LBP\intraface\include\FaceAlignment.h(74): warning C4251: “INTRAFACE::FaceAlignment::m_Db”: class“std::vector<cv::Mat,std::allocator<_Ty>>”需要有 dll 接口由 class“INTRAFACE::FaceAlignment”的客户端使用
          with
          [
              _Ty=cv::Mat
          ]
  C:\opencv-2.4.13\include\opencv2/core/core.hpp(1362): note: 参见“std::vector<cv::Mat,std::allocator<_Ty>>”的声明
          with
          [
              _Ty=cv::Mat
          ]
D:\workspace\vsproject\High-Dimensional-LBP\intraface\include\FaceAlignment.h(74): warning C4251: “INTRAFACE::FaceAlignment::m_TR”: class“std::vector<cv::Mat,std::allocator<_Ty>>”需要有 dll 接口由 class“INTRAFACE::FaceAlignment”的客户端使用
          with
          [
              _Ty=cv::Mat
          ]
  C:\opencv-2.4.13\include\opencv2/core/core.hpp(1362): note: 参见“std::vector<cv::Mat,std::allocator<_Ty>>”的声明
          with
          [
              _Ty=cv::Mat
          ]
D:\workspace\vsproject\High-Dimensional-LBP\intraface\include\FaceAlignment.h(74): warning C4251: “INTRAFACE::FaceAlignment::m_Tb”: class“std::vector<cv::Mat,std::allocator<_Ty>>”需要有 dll 接口由 class“INTRAFACE::FaceAlignment”的客户端使用
          with
          [
              _Ty=cv::Mat
          ]
  C:\opencv-2.4.13\include\opencv2/core/core.hpp(1362): note: 参见“std::vector<cv::Mat,std::allocator<_Ty>>”的声明
          with
          [
              _Ty=cv::Mat
          ]
D:\workspace\vsproject\High-Dimensional-LBP\intraface\include\FaceAlignment.h(75): warning C4251: “INTRAFACE::FaceAlignment::m_winsize”: class“std::vector<int,std::allocator<_Ty>>”需要有 dll 接口由 class“INTRAFACE::FaceAlignment”的客户端使用
          with
          [
              _Ty=int
          ]
  C:\opencv-2.4.13\include\opencv2/core/core.hpp(2248): note: 参见“std::vector<int,std::allocator<_Ty>>”的声明
          with
          [
              _Ty=int
          ]
D:\workspace\vsproject\High-Dimensional-LBP\intraface\include\FaceAlignment.h(76): warning C4251: “INTRAFACE::FaceAlignment::m_flags”: class“std::vector<bool,std::allocator<_Ty>>”需要有 dll 接口由 class“INTRAFACE::FaceAlignment”的客户端使用
          with
          [
              _Ty=bool
          ]
  c:\opencv-2.4.13\include\opencv2\flann\hierarchical_clustering_index.h(675): note: 参见“std::vector<bool,std::allocator<_Ty>>”的声明
          with
          [
              _Ty=bool
          ]
D:\workspace\vsproject\High-Dimensional-LBP\intraface\include\FaceAlignment.h(77): warning C4251: “INTRAFACE::FaceAlignment::m_w”: class“cv::Mat”需要有 dll 接口由 class“INTRAFACE::FaceAlignment”的客户端使用
  C:\opencv-2.4.13\include\opencv2/core/core.hpp(1709): note: 参见“cv::Mat”的声明
D:\workspace\vsproject\High-Dimensional-LBP\intraface\include\FaceAlignment.h(78): warning C4251: “INTRAFACE::FaceAlignment::m_meanShape2D”: class“cv::Mat”需要有 dll 接口由 class“INTRAFACE::FaceAlignment”的客户端使用
  C:\opencv-2.4.13\include\opencv2/core/core.hpp(1709): note: 参见“cv::Mat”的声明
D:\workspace\vsproject\High-Dimensional-LBP\intraface\include\FaceAlignment.h(80): warning C4251: “INTRAFACE::FaceAlignment::m_cropROI”: class“cv::Rect_<int>”需要有 dll 接口由 class“INTRAFACE::FaceAlignment”的客户端使用
  C:\opencv-2.4.13\include\opencv2/core/core.hpp(887): note: 参见“cv::Rect_<int>”的声明
D:\workspace\vsproject\High-Dimensional-LBP\intraface\include\FaceAlignment.h(81): warning C4251: “INTRAFACE::FaceAlignment::m_offset”: class“cv::Rect_<_Tp>”需要有 dll 接口由 class“INTRAFACE::FaceAlignment”的客户端使用
          with
          [
              _Tp=double
          ]
  C:\opencv-2.4.13\include\opencv2/core/core.hpp(759): note: 参见“cv::Rect_<_Tp>”的声明
          with
          [
              _Tp=double
          ]
..\..\..\src\extract-lbp.cpp(23): warning C4244: “初始化”: 从“double”转换到“int”，可能丢失数据
..\..\..\src\extract-lbp.cpp(40): warning C4018: “<”: 有符号/无符号不匹配
..\..\..\src\extract-lbp.cpp(76): warning C4018: “<”: 有符号/无符号不匹配
..\..\..\src\extract-lbp.cpp(117): warning C4018: “<”: 有符号/无符号不匹配
  正在生成代码
  1 of 730 functions ( 0.1%) were compiled, the rest were copied from previous compilation.
    0 functions were new in current compilation
    2 functions had inline decision re-evaluated but remain unchanged
  已完成代码的生成
  Extract-LBP.vcxproj -> D:\workspace\vsproject\High-Dimensional-LBP\vs2017\High-Dimensional-LBP\Release\Extract-LBP.exe
  Extract-LBP.vcxproj -> D:\workspace\vsproject\High-Dimensional-LBP\vs2017\High-Dimensional-LBP\Release\Extract-LBP.pdb (Full PDB)
